2026-05-29 08:36:32,205 [INFO] ╔══════════════════════════════════════════════╗
2026-05-29 08:36:32,205 [INFO] ║   SONO BOT — SWEET TRADING REAL v1.0        ║
2026-05-29 08:36:32,205 [INFO] ║   Scalping 1m · Stops 0.8% · TPs 1.5%        ║
2026-05-29 08:36:32,205 [INFO] ║   Activos: SOL, XRP, ETH                     ║
2026-05-29 08:36:32,205 [INFO] ║   Revisando cada 30s                          ║
2026-05-29 08:36:32,205 [INFO] ╚══════════════════════════════════════════════╝
2026-05-29 08:36:34,456 [INFO] =======================================================
2026-05-29 08:36:34,456 [INFO] 🔥 SWEET REAL | USDT: $4.82 | Equity: $4.82 | Pos: 0 | Hoy: 0 trades | PnL: $0.00
2026-05-29 08:36:34,456 [INFO] =======================================================
2026-05-29 08:36:34,457 [INFO] SOL    | Score: 33  (VENTA         ) | $82.12      | RSI: 22.73 | NONE
2026-05-29 08:36:34,457 [INFO] XRP 🚀 | Score: 41  (SWEET_SELL    ) | $1.32       | RSI: 31.25 | NONE
2026-05-29 08:36:34,457 [INFO] ETH    | Score: 33  (VENTA         ) | $2014.33    | RSI: 37.65 | NONE
2026-05-29 08:36:34,457 [INFO] BTC    | Score: 40  (SWEET_SELL    ) | $73708.40   | RSI: 20.61 | NONE
2026-05-29 08:36:34,457 [INFO] =======================================================
2026-05-29 08:36:49,671 [INFO] =======================================================
2026-05-29 08:36:49,672 [INFO] 🔥 SWEET REAL | USDT: $4.82 | Equity: $4.82 | Pos: 0 | Hoy: 0 trades | PnL: $0.00
2026-05-29 08:36:49,672 [INFO] =======================================================
2026-05-29 08:36:49,672 [INFO] SOL 🚀 | Score: 41  (SWEET_SELL    ) | $82.15      | RSI:  32.0 | NONE
2026-05-29 08:36:49,672 [INFO] XRP 🚀 | Score: 41  (SWEET_SELL    ) | $1.32       | RSI: 31.25 | NONE
2026-05-29 08:36:49,672 [INFO] ETH    | Score: 38  (SWEET_SELL    ) | $2014.58    | RSI: 41.24 | NONE
2026-05-29 08:36:49,673 [INFO] BTC 🚀 | Score: 41  (SWEET_SELL    ) | $73715.39   | RSI: 24.17 | NONE
2026-05-29 08:36:49,673 [INFO] =======================================================
2026-05-29 08:37:22,032 [INFO] =======================================================
2026-05-29 08:37:22,032 [INFO] 🔥 SWEET REAL | USDT: $4.82 | Equity: $4.82 | Pos: 0 | Hoy: 0 trades | PnL: $0.00
2026-05-29 08:37:22,032 [INFO] =======================================================
2026-05-29 08:37:22,033 [INFO] SOL    | Score: 40  (SWEET_SELL    ) | $82.05      | RSI: 19.05 | NONE
2026-05-29 08:37:22,033 [INFO] XRP    | Score: 40  (SWEET_SELL    ) | $1.31       | RSI: 31.25 | NONE
2026-05-29 08:37:22,033 [INFO] ETH    | Score: 40  (SWEET_SELL    ) | $2013.92    | RSI: 35.84 | NONE
2026-05-29 08:37:22,033 [INFO] BTC    | Score: 40  (SWEET_SELL    ) | $73694.31   | RSI: 22.13 | NONE
2026-05-29 08:37:22,033 [INFO] =======================================================
2026-05-29 08:37:54,467 [INFO] =======================================================
2026-05-29 08:37:54,468 [INFO] 🔥 SWEET REAL | USDT: $4.82 | Equity: $4.82 | Pos: 0 | Hoy: 0 trades | PnL: $0.00
2026-05-29 08:37:54,468 [INFO] =======================================================
2026-05-29 08:37:54,468 [INFO] SOL    | Score: 40  (SWEET_SELL    ) | $82.06      | RSI:  20.0 | NONE
2026-05-29 08:37:54,468 [INFO] XRP 🚀 | Score: 48  (NEUTRAL       ) | $1.31       | RSI: 27.03 | NONE
2026-05-29 08:37:54,468 [INFO] ETH    | Score: 40  (SWEET_SELL    ) | $2013.92    | RSI: 35.84 | NONE
2026-05-29 08:37:54,469 [INFO] BTC    | Score: 40  (SWEET_SELL    ) | $73684.01   | RSI: 20.08 | NONE
2026-05-29 08:37:54,469 [INFO] =======================================================
2026-05-29 08:38:26,801 [INFO] =======================================================
2026-05-29 08:38:26,802 [INFO] 🔥 SWEET REAL | USDT: $4.82 | Equity: $4.82 | Pos: 0 | Hoy: 0 trades | PnL: $0.00
2026-05-29 08:38:26,802 [INFO] =======================================================
2026-05-29 08:38:26,802 [INFO] SOL    | Score: 40  (SWEET_SELL    ) | $82.07      | RSI: 28.57 | NONE
2026-05-29 08:38:26,802 [INFO] XRP    | Score: 40  (SWEET_SELL    ) | $1.31       | RSI:  30.3 | NONE
2026-05-29 08:38:26,802 [INFO] ETH    | Score: 33  (VENTA         ) | $2014.04    | RSI: 37.56 | NONE
2026-05-29 08:38:26,803 [INFO] BTC    | Score: 40  (SWEET_SELL    ) | $73679.78   | RSI: 20.88 | NONE
2026-05-29 08:38:26,803 [INFO] =======================================================
2026-05-29 08:38:59,098 [INFO] =======================================================
2026-05-29 08:38:59,098 [INFO] 🔥 SWEET REAL | USDT: $4.82 | Equity: $4.82 | Pos: 0 | Hoy: 0 trades | PnL: $0.00
2026-05-29 08:38:59,098 [INFO] =======================================================
2026-05-29 08:38:59,099 [INFO] SOL    | Score: 40  (SWEET_SELL    ) | $82.07      | RSI: 28.57 | NONE
2026-05-29 08:38:59,099 [INFO] XRP    | Score: 40  (SWEET_SELL    ) | $1.31       | RSI: 28.57 | NONE
2026-05-29 08:38:59,099 [INFO] ETH    | Score: 40  (SWEET_SELL    ) | $2013.92    | RSI: 35.68 | NONE
2026-05-29 08:38:59,099 [INFO] BTC    | Score: 40  (SWEET_SELL    ) | $73669.80   | RSI:  19.1 | NONE
2026-05-29 08:38:59,099 [INFO] =======================================================
2026-05-29 08:39:31,446 [INFO] =======================================================
2026-05-29 08:39:31,446 [INFO] 🔥 SWEET REAL | USDT: $4.82 | Equity: $4.82 | Pos: 0 | Hoy: 0 trades | PnL: $0.00
2026-05-29 08:39:31,446 [INFO] =======================================================
2026-05-29 08:39:31,447 [INFO] SOL    | Score: 33  (VENTA         ) | $82.10      | RSI:  25.0 | NONE
2026-05-29 08:39:31,447 [INFO] XRP    | Score: 40  (SWEET_SELL    ) | $1.31       | RSI: 21.87 | NONE
2026-05-29 08:39:31,447 [INFO] ETH 🚀 | Score: 29  (VENTA         ) | $2014.43    | RSI: 17.15 | NONE
2026-05-29 08:39:31,447 [INFO] BTC    | Score: 40  (SWEET_SELL    ) | $73678.01   | RSI:  7.99 | NONE
2026-05-29 08:39:31,447 [INFO] =======================================================
2026-05-29 08:40:03,793 [INFO] =======================================================
2026-05-29 08:40:03,794 [INFO] 🔥 SWEET REAL | USDT: $4.82 | Equity: $4.82 | Pos: 0 | Hoy: 0 trades | PnL: $0.00
2026-05-29 08:40:03,794 [INFO] =======================================================
2026-05-29 08:40:03,794 [INFO] SOL    | Score: 33  (VENTA         ) | $82.09      | RSI: 36.36 | NONE
2026-05-29 08:40:03,794 [INFO] XRP    | Score: 28  (VENTA         ) | $1.32       | RSI: 38.46 | NONE
2026-05-29 08:40:03,795 [INFO] ETH    | Score: 20  (CAPITULACION  ) | $2014.58    | RSI: 41.21 | NONE
2026-05-29 08:40:03,795 [INFO] BTC    | Score: 33  (VENTA         ) | $73683.47   | RSI: 23.62 | NONE
2026-05-29 08:40:03,795 [INFO] =======================================================
2026-05-29 08:40:36,133 [INFO] =======================================================
2026-05-29 08:40:36,133 [INFO] 🔥 SWEET REAL | USDT: $4.82 | Equity: $4.82 | Pos: 0 | Hoy: 0 trades | PnL: $0.00
2026-05-29 08:40:36,133 [INFO] =======================================================
2026-05-29 08:40:36,133 [INFO] SOL    | Score: 33  (VENTA         ) | $82.07      | RSI: 30.77 | NONE
2026-05-29 08:40:36,133 [INFO] XRP    | Score: 28  (VENTA         ) | $1.32       | RSI: 38.46 | NONE
2026-05-29 08:40:36,134 [INFO] ETH    | Score: 26  (VENTA         ) | $2014.57    | RSI: 40.96 | NONE
2026-05-29 08:40:36,134 [INFO] BTC    | Score: 33  (VENTA         ) | $73683.47   | RSI: 23.62 | NONE
2026-05-29 08:40:36,134 [INFO] =======================================================
2026-05-29 08:41:08,931 [INFO] =======================================================
2026-05-29 08:41:08,932 [INFO] 🔥 SWEET REAL | USDT: $4.82 | Equity: $4.82 | Pos: 0 | Hoy: 0 trades | PnL: $0.00
2026-05-29 08:41:08,932 [INFO] =======================================================
2026-05-29 08:41:08,932 [INFO] SOL    | Score: 38  (SWEET_SELL    ) | $82.10      | RSI: 45.45 | NONE
2026-05-29 08:41:08,932 [INFO] XRP    | Score: 30  (VENTA         ) | $1.32       | RSI: 52.94 | NONE
2026-05-29 08:41:08,932 [INFO] ETH    | Score: 30  (VENTA         ) | $2014.58    | RSI: 57.98 | NONE
2026-05-29 08:41:08,933 [INFO] BTC    | Score: 33  (VENTA         ) | $73693.03   | RSI: 35.94 | NONE
2026-05-29 08:41:08,933 [INFO] =======================================================
2026-05-29 08:41:41,151 [INFO] =======================================================
2026-05-29 08:41:41,152 [INFO] 🔥 SWEET REAL | USDT: $43.28 | Equity: $43.28 | Pos: 0 | Hoy: 0 trades | PnL: $0.00
2026-05-29 08:41:41,152 [INFO] =======================================================
2026-05-29 08:41:41,152 [INFO] SOL 🚀 | Score: 46  (SWEET_SELL    ) | $82.10      | RSI: 45.45 | NONE
2026-05-29 08:41:41,154 [INFO] XRP    | Score: 20  (CAPITULACION  ) | $1.32       | RSI: 48.65 | NONE
2026-05-29 08:41:41,154 [INFO] ETH 🚀 | Score: 38  (SWEET_SELL    ) | $2014.56    | RSI: 57.14 | NONE
2026-05-29 08:41:41,154 [INFO] BTC    | Score: 33  (VENTA         ) | $73693.03   | RSI: 35.94 | NONE
2026-05-29 08:41:41,154 [INFO] =======================================================
2026-05-29 08:42:13,573 [INFO] =======================================================
2026-05-29 08:42:13,573 [INFO] 🔥 SWEET REAL | USDT: $84.30 | Equity: $84.30 | Pos: 0 | Hoy: 0 trades | PnL: $0.00
2026-05-29 08:42:13,574 [INFO] =======================================================
2026-05-29 08:42:13,574 [INFO] SOL 🚀 | Score: 40  (SWEET_SELL    ) | $82.11      | RSI:  50.0 | NONE
2026-05-29 08:42:13,574 [INFO] XRP    | Score: 20  (CAPITULACION  ) | $1.32       | RSI: 44.44 | NONE
2026-05-29 08:42:13,574 [INFO] ETH    | Score: 25  (VENTA         ) | $2014.55    | RSI: 67.33 | NONE
2026-05-29 08:42:13,575 [INFO] BTC    | Score: 33  (VENTA         ) | $73693.03   | RSI: 35.94 | NONE
2026-05-29 08:42:13,575 [INFO] =======================================================
2026-05-29 08:42:45,925 [INFO] =======================================================
2026-05-29 08:42:45,925 [INFO] 🔥 SWEET REAL | USDT: $100.72 | Equity: $100.72 | Pos: 0 | Hoy: 0 trades | PnL: $0.00
2026-05-29 08:42:45,926 [INFO] =======================================================
2026-05-29 08:42:45,926 [INFO] SOL 🚀 | Score: 40  (SWEET_SELL    ) | $82.11      | RSI:  50.0 | NONE
2026-05-29 08:42:45,926 [INFO] XRP    | Score: 20  (CAPITULACION  ) | $1.32       | RSI: 47.22 | NONE
2026-05-29 08:42:45,927 [INFO] ETH    | Score: 25  (VENTA         ) | $2014.57    | RSI: 68.32 | NONE
2026-05-29 08:42:45,927 [INFO] BTC    | Score: 33  (VENTA         ) | $73694.32   | RSI:  37.2 | NONE
2026-05-29 08:42:45,927 [INFO] =======================================================
