2026-05-29 08:47:32,262 [INFO] 🧹 Limpieza de posiciones huérfanas...
2026-05-29 08:47:33,595 [INFO] Balances: {'BTC': 0.00014405000242806356, 'ETH': 4.3911695e-05, 'SOL': 0.0691446203, 'USDC': 0.007763, 'USDT': 100.71841512574724, 'XRP': 16.12801528455}
2026-05-29 08:47:33,595 [INFO] Vendiendo BTC 0.000144
2026-05-29 08:47:33,946 [INFO] [PAPER] SELL BTC_USDT 0.000144 → $10.62 @ $73742.5900
2026-05-29 08:47:33,947 [INFO] Resultado: {
  "paper": true,
  "price": 73742.59,
  "size": 0.000144,
  "usdt": 10.61893296
}
2026-05-29 08:47:34,948 [INFO] Vendiendo ETH 0.000044
2026-05-29 08:47:35,318 [INFO] [PAPER] SELL ETH_USDT 0.00004 → $0.08 @ $2015.7400
2026-05-29 08:47:35,320 [INFO] Resultado: {
  "paper": true,
  "price": 2015.74,
  "size": 4e-05,
  "usdt": 0.08062960000000001
}
2026-05-29 08:47:36,320 [INFO] Vendiendo SOL 0.069145
2026-05-29 08:47:37,044 [INFO] [PAPER] SELL SOL_USDT 0.06 → $4.93 @ $82.2400
2026-05-29 08:47:37,044 [INFO] Resultado: {
  "paper": true,
  "price": 82.24,
  "size": 0.06,
  "usdt": 4.934399999999999
}
2026-05-29 08:47:38,044 [INFO] Vendiendo XRP 16.128015
2026-05-29 08:47:38,414 [INFO] [PAPER] SELL XRP_USDT 16.12 → $21.24 @ $1.3174
2026-05-29 08:47:38,414 [INFO] Resultado: {
  "paper": true,
  "price": 1.3174,
  "size": 16.12,
  "usdt": 21.236488
}
2026-05-29 08:47:39,415 [INFO] ✅ Limpieza completada
2026-05-29 08:47:39,593 [INFO] Balance final: {'BTC': 0.00014405000242806356, 'ETH': 4.3911695e-05, 'SOL': 0.0691446203, 'USDC': 0.007763, 'USDT': 100.71841512574724, 'XRP': 16.12801528455}
2026-05-29 08:47:48,150 [INFO] 🧹 Limpieza de posiciones huérfanas...
2026-05-29 08:47:48,618 [INFO] Balances: {'BTC': 0.00014405000242806356, 'ETH': 4.3911695e-05, 'SOL': 0.0691446203, 'USDC': 0.007763, 'USDT': 100.71841512574724, 'XRP': 16.12801528455}
2026-05-29 08:47:48,618 [INFO] Vendiendo BTC 0.000144
2026-05-29 08:47:49,462 [INFO] SELL BTC_USDT 0.000144 -> {
  "result": true,
  "data": {
    "orderId": 10999515147699184,
    "clientOrderId": ""
  },
  "timestamp": 1780037269820
}
2026-05-29 08:47:49,463 [INFO] Resultado: {
  "result": true,
  "data": {
    "orderId": 10999515147699184,
    "clientOrderId": ""
  },
  "timestamp": 1780037269820
}
2026-05-29 08:47:50,463 [INFO] Vendiendo ETH 0.000044
2026-05-29 08:47:50,948 [INFO] SELL ETH_USDT 4e-05 -> {
  "result": false,
  "code": "TRADE_PARAMETER_ERROR",
  "message": "invalid `size`",
  "timestamp": 1780037271309
}
2026-05-29 08:47:50,949 [INFO] Resultado: {
  "result": false,
  "code": "TRADE_PARAMETER_ERROR",
  "message": "invalid `size`",
  "timestamp": 1780037271309
}
2026-05-29 08:47:51,949 [INFO] Vendiendo SOL 0.069145
2026-05-29 08:47:52,440 [INFO] SELL SOL_USDT 0.06 -> {
  "result": false,
  "code": "TRADE_AMOUNT_FILTER_DENIED",
  "message": "amount filter dendied",
  "timestamp": 1780037272802
}
2026-05-29 08:47:52,440 [INFO] Resultado: {
  "result": false,
  "code": "TRADE_AMOUNT_FILTER_DENIED",
  "message": "amount filter dendied",
  "timestamp": 1780037272802
}
2026-05-29 08:47:53,440 [INFO] Vendiendo XRP 16.128015
2026-05-29 08:47:53,962 [INFO] SELL XRP_USDT 16.12 -> {
  "result": true,
  "data": {
    "orderId": 10999515147699189,
    "clientOrderId": ""
  },
  "timestamp": 1780037274320
}
2026-05-29 08:47:53,963 [INFO] Resultado: {
  "result": true,
  "data": {
    "orderId": 10999515147699189,
    "clientOrderId": ""
  },
  "timestamp": 1780037274320
}
2026-05-29 08:47:54,963 [INFO] ✅ Limpieza completada
2026-05-29 08:47:55,142 [INFO] Balance final: {'BTC': 5.000242806355725e-08, 'ETH': 4.3911695e-05, 'SOL': 0.0691446203, 'USDC': 0.007763, 'USDT': 132.56215553062725, 'XRP': 0.00801528455}
2026-05-29 08:48:10,958 [INFO] 🚀 SONO BOT v2 — Modo: 📄 PAPER
2026-05-29 08:48:10,960 [INFO]    Método Ajram | Stop:2% Target:4% Max:3 trades
2026-05-29 08:48:10,961 [INFO] --- [08:48:10] Iter 1 ---
2026-05-29 08:48:12,084 [INFO] F&G:23 Score:32 Señal:STRONG_LONG (Pánico score=32 fg=23)
2026-05-29 08:48:12,572 [INFO] [PAPER] BUY SOL_USDT $25.00 → 0.303951 @ $82.2500
2026-05-29 08:48:12,572 [INFO] ✅ LONG SOL_USDT $25.00 @ $82.2500 SL=$80.6050 TP=$85.5400
2026-05-29 08:48:42,573 [INFO] --- [08:48:42] Iter 2 ---
2026-05-29 08:48:43,579 [INFO] F&G:23 Score:32 Señal:STRONG_LONG (Pánico score=32 fg=23)
2026-05-29 08:48:43,796 [WARNING] Ya abierta SOL_USDT
2026-05-29 08:49:13,797 [INFO] --- [08:49:13] Iter 3 ---
2026-05-29 08:49:14,804 [INFO] F&G:23 Score:32 Señal:STRONG_LONG (Pánico score=32 fg=23)
2026-05-29 08:49:14,989 [WARNING] Ya abierta SOL_USDT
2026-05-29 08:49:44,990 [INFO] --- [08:49:44] Iter 4 ---
2026-05-29 08:49:46,045 [INFO] F&G:23 Score:32 Señal:STRONG_LONG (Pánico score=32 fg=23)
2026-05-29 08:49:46,241 [WARNING] Ya abierta SOL_USDT
2026-05-29 08:50:16,242 [INFO] --- [08:50:16] Iter 5 ---
2026-05-29 08:50:17,465 [INFO] F&G:23 Score:32 Señal:STRONG_LONG (Pánico score=32 fg=23)
2026-05-29 08:50:17,662 [WARNING] Ya abierta SOL_USDT
2026-05-29 08:50:48,808 [INFO] --- [08:50:48] Iter 6 ---
2026-05-29 08:50:56,222 [INFO] F&G:23 Score:32 Señal:STRONG_LONG (Pánico score=32 fg=23)
2026-05-29 08:50:56,432 [WARNING] Ya abierta SOL_USDT
2026-05-29 08:51:29,492 [INFO] --- [08:51:28] Iter 7 ---
2026-05-29 08:51:34,694 [INFO] F&G:23 Score:32 Señal:STRONG_LONG (Pánico score=32 fg=23)
2026-05-29 08:51:34,878 [WARNING] Ya abierta SOL_USDT
2026-05-29 08:52:04,879 [INFO] --- [08:52:04] Iter 8 ---
2026-05-29 08:52:06,062 [INFO] F&G:23 Score:32 Señal:STRONG_LONG (Pánico score=32 fg=23)
2026-05-29 08:52:06,237 [WARNING] Ya abierta SOL_USDT
2026-05-29 08:52:36,340 [INFO] --- [08:52:36] Iter 9 ---
2026-05-29 08:52:45,929 [INFO] F&G:23 Score:32 Señal:STRONG_LONG (Pánico score=32 fg=23)
2026-05-29 08:52:46,143 [WARNING] Ya abierta SOL_USDT
2026-05-29 08:53:22,296 [INFO] --- [08:53:16] Iter 10 ---
2026-05-29 08:53:26,887 [INFO] F&G:23 Score:32 Señal:STRONG_LONG (Pánico score=32 fg=23)
2026-05-29 08:53:27,128 [WARNING] Ya abierta SOL_USDT
2026-05-29 08:53:27,130 [INFO] Sin trades aún
2026-05-29 08:53:57,153 [INFO] --- [08:53:57] Iter 11 ---
2026-05-29 08:53:58,252 [INFO] F&G:23 Score:32 Señal:STRONG_LONG (Pánico score=32 fg=23)
2026-05-29 08:53:58,448 [WARNING] Ya abierta SOL_USDT
2026-05-29 08:54:28,452 [INFO] --- [08:54:28] Iter 12 ---
2026-05-29 08:54:33,511 [INFO] F&G:23 Score:32 Señal:STRONG_LONG (Pánico score=32 fg=23)
2026-05-29 08:54:33,695 [WARNING] Ya abierta SOL_USDT
2026-05-29 08:55:10,437 [INFO] --- [08:55:04] Iter 13 ---
2026-05-29 08:55:17,147 [INFO] F&G:23 Score:32 Señal:STRONG_LONG (Pánico score=32 fg=23)
2026-05-29 08:55:17,357 [WARNING] Ya abierta SOL_USDT
2026-05-29 08:55:47,681 [INFO] --- [08:55:47] Iter 14 ---
2026-05-29 08:55:48,793 [INFO] F&G:23 Score:32 Señal:STRONG_LONG (Pánico score=32 fg=23)
2026-05-29 08:55:48,973 [WARNING] Ya abierta SOL_USDT
2026-05-29 08:56:18,975 [INFO] --- [08:56:18] Iter 15 ---
2026-05-29 08:56:20,132 [INFO] F&G:23 Score:32 Señal:STRONG_LONG (Pánico score=32 fg=23)
2026-05-29 08:56:20,315 [WARNING] Ya abierta SOL_USDT
2026-05-29 08:56:50,316 [INFO] --- [08:56:50] Iter 16 ---
2026-05-29 08:56:51,380 [INFO] F&G:23 Score:32 Señal:STRONG_LONG (Pánico score=32 fg=23)
2026-05-29 08:56:51,645 [WARNING] Ya abierta SOL_USDT
2026-05-29 08:57:21,646 [INFO] --- [08:57:21] Iter 17 ---
2026-05-29 08:57:22,757 [INFO] F&G:23 Score:32 Señal:STRONG_LONG (Pánico score=32 fg=23)
2026-05-29 08:57:22,972 [WARNING] Ya abierta SOL_USDT
2026-05-29 08:57:52,973 [INFO] --- [08:57:52] Iter 18 ---
2026-05-29 08:57:55,971 [INFO] F&G:23 Score:32 Señal:STRONG_LONG (Pánico score=32 fg=23)
2026-05-29 08:57:56,542 [WARNING] Ya abierta SOL_USDT
2026-05-29 08:58:26,547 [INFO] --- [08:58:26] Iter 19 ---
2026-05-29 08:58:27,587 [INFO] F&G:23 Score:32 Señal:STRONG_LONG (Pánico score=32 fg=23)
2026-05-29 08:58:27,778 [WARNING] Ya abierta SOL_USDT
2026-05-29 08:58:57,833 [INFO] --- [08:58:57] Iter 20 ---
2026-05-29 08:59:00,714 [INFO] F&G:23 Score:32 Señal:STRONG_LONG (Pánico score=32 fg=23)
2026-05-29 08:59:00,938 [WARNING] Ya abierta SOL_USDT
2026-05-29 08:59:00,943 [INFO] Sin trades aún
2026-05-29 08:59:30,948 [INFO] --- [08:59:30] Iter 21 ---
2026-05-29 08:59:32,076 [INFO] F&G:23 Score:32 Señal:STRONG_LONG (Pánico score=32 fg=23)
2026-05-29 08:59:32,254 [WARNING] Ya abierta SOL_USDT
2026-05-29 09:00:02,255 [INFO] --- [09:00:02] Iter 22 ---
2026-05-29 09:00:04,709 [INFO] F&G:23 Score:32 Señal:STRONG_LONG (Pánico score=32 fg=23)
2026-05-29 09:00:04,908 [WARNING] Ya abierta SOL_USDT
2026-05-29 09:00:35,521 [INFO] --- [09:00:35] Iter 23 ---
2026-05-29 09:00:44,566 [INFO] F&G:23 Score:32 Señal:STRONG_LONG (Pánico score=32 fg=23)
2026-05-29 09:00:44,754 [WARNING] Ya abierta SOL_USDT
2026-05-29 09:01:14,757 [INFO] --- [09:01:14] Iter 24 ---
2026-05-29 09:01:15,798 [INFO] F&G:23 Score:32 Señal:STRONG_LONG (Pánico score=32 fg=23)
2026-05-29 09:01:15,981 [WARNING] Ya abierta SOL_USDT
2026-05-29 09:01:45,982 [INFO] --- [09:01:45] Iter 25 ---
2026-05-29 09:01:47,070 [INFO] F&G:23 Score:32 Señal:STRONG_LONG (Pánico score=32 fg=23)
2026-05-29 09:01:47,288 [WARNING] Ya abierta SOL_USDT
2026-05-29 09:02:17,290 [INFO] --- [09:02:17] Iter 26 ---
2026-05-29 09:02:18,468 [INFO] F&G:23 Score:32 Señal:STRONG_LONG (Pánico score=32 fg=23)
2026-05-29 09:02:18,667 [WARNING] Ya abierta SOL_USDT
2026-05-29 09:02:48,672 [INFO] --- [09:02:48] Iter 27 ---
2026-05-29 09:02:49,791 [INFO] F&G:23 Score:32 Señal:STRONG_LONG (Pánico score=32 fg=23)
2026-05-29 09:02:49,984 [WARNING] Ya abierta SOL_USDT
2026-05-29 09:03:19,985 [INFO] --- [09:03:19] Iter 28 ---
2026-05-29 09:03:21,168 [INFO] F&G:23 Score:32 Señal:STRONG_LONG (Pánico score=32 fg=23)
2026-05-29 09:03:21,372 [WARNING] Ya abierta SOL_USDT
2026-05-29 09:03:51,373 [INFO] --- [09:03:51] Iter 29 ---
2026-05-29 09:03:52,525 [INFO] F&G:23 Score:32 Señal:STRONG_LONG (Pánico score=32 fg=23)
2026-05-29 09:03:53,029 [WARNING] Ya abierta SOL_USDT
2026-05-29 09:04:26,698 [INFO] --- [09:04:23] Iter 30 ---
2026-05-29 09:04:29,334 [INFO] F&G:23 Score:32 Señal:STRONG_LONG (Pánico score=32 fg=23)
2026-05-29 09:04:29,597 [WARNING] Ya abierta SOL_USDT
2026-05-29 09:04:29,598 [INFO] Sin trades aún
2026-05-29 09:05:01,659 [INFO] --- [09:05:01] Iter 31 ---
2026-05-29 09:05:10,083 [INFO] F&G:23 Score:32 Señal:STRONG_LONG (Pánico score=32 fg=23)
2026-05-29 09:05:10,359 [WARNING] Ya abierta SOL_USDT
2026-05-29 09:05:42,590 [INFO] --- [09:05:41] Iter 32 ---
2026-05-29 09:06:07,081 [INFO] F&G:23 Score:32 Señal:STRONG_LONG (Pánico score=32 fg=23)
2026-05-29 09:06:07,394 [WARNING] Ya abierta SOL_USDT
2026-05-29 09:06:41,225 [INFO] --- [09:06:37] Iter 33 ---
2026-05-29 09:06:44,387 [INFO] F&G:23 Score:32 Señal:STRONG_LONG (Pánico score=32 fg=23)
2026-05-29 09:06:44,745 [WARNING] Ya abierta SOL_USDT
2026-05-29 09:07:14,750 [INFO] --- [09:07:14] Iter 34 ---
2026-05-29 09:07:15,951 [INFO] F&G:23 Score:32 Señal:STRONG_LONG (Pánico score=32 fg=23)
2026-05-29 09:07:16,145 [WARNING] Ya abierta SOL_USDT
2026-05-29 09:07:46,488 [INFO] --- [09:07:46] Iter 35 ---
2026-05-29 09:08:04,679 [INFO] F&G:23 Score:32 Señal:STRONG_LONG (Pánico score=32 fg=23)
2026-05-29 09:08:04,911 [WARNING] Ya abierta SOL_USDT
2026-05-29 09:08:38,608 [INFO] --- [09:08:38] Iter 36 ---
2026-05-29 09:08:43,105 [INFO] F&G:23 Score:32 Señal:STRONG_LONG (Pánico score=32 fg=23)
2026-05-29 09:08:43,292 [WARNING] Ya abierta SOL_USDT
2026-05-29 09:09:17,220 [INFO] --- [09:09:17] Iter 37 ---
2026-05-29 09:09:48,282 [INFO] F&G:23 Score:32 Señal:STRONG_LONG (Pánico score=32 fg=23)
2026-05-29 09:09:48,476 [WARNING] Ya abierta SOL_USDT
2026-05-29 09:10:18,496 [INFO] --- [09:10:18] Iter 38 ---
2026-05-29 09:10:19,592 [INFO] F&G:23 Score:32 Señal:STRONG_LONG (Pánico score=32 fg=23)
2026-05-29 09:10:19,793 [WARNING] Ya abierta SOL_USDT
2026-05-29 09:10:52,160 [INFO] --- [09:10:51] Iter 39 ---
2026-05-29 09:10:53,439 [INFO] F&G:23 Score:32 Señal:STRONG_LONG (Pánico score=32 fg=23)
2026-05-29 09:10:53,644 [WARNING] Ya abierta SOL_USDT
2026-05-29 09:11:23,647 [INFO] --- [09:11:23] Iter 40 ---
2026-05-29 09:11:24,804 [INFO] F&G:23 Score:32 Señal:STRONG_LONG (Pánico score=32 fg=23)
2026-05-29 09:11:25,002 [WARNING] Ya abierta SOL_USDT
2026-05-29 09:11:25,002 [INFO] Sin trades aún
2026-05-29 09:11:55,003 [INFO] --- [09:11:55] Iter 41 ---
2026-05-29 09:11:56,190 [INFO] F&G:23 Score:32 Señal:STRONG_LONG (Pánico score=32 fg=23)
2026-05-29 09:11:56,420 [WARNING] Ya abierta SOL_USDT
2026-05-29 09:12:26,422 [INFO] --- [09:12:26] Iter 42 ---
2026-05-29 09:12:27,541 [INFO] F&G:23 Score:32 Señal:STRONG_LONG (Pánico score=32 fg=23)
2026-05-29 09:12:27,731 [WARNING] Ya abierta SOL_USDT
2026-05-29 09:12:58,921 [INFO] --- [09:12:58] Iter 43 ---
2026-05-29 09:13:00,861 [INFO] F&G:23 Score:32 Señal:STRONG_LONG (Pánico score=32 fg=23)
2026-05-29 09:13:01,077 [WARNING] Ya abierta SOL_USDT
2026-05-29 09:13:31,081 [INFO] --- [09:13:31] Iter 44 ---
2026-05-29 09:13:32,259 [INFO] F&G:23 Score:32 Señal:STRONG_LONG (Pánico score=32 fg=23)
2026-05-29 09:13:32,440 [WARNING] Ya abierta SOL_USDT
2026-05-29 09:14:02,527 [INFO] --- [09:14:02] Iter 45 ---
2026-05-29 09:14:03,731 [INFO] F&G:23 Score:32 Señal:STRONG_LONG (Pánico score=32 fg=23)
2026-05-29 09:14:04,233 [WARNING] Ya abierta SOL_USDT
2026-05-29 09:14:34,241 [INFO] --- [09:14:34] Iter 46 ---
2026-05-29 09:14:35,346 [INFO] F&G:23 Score:32 Señal:STRONG_LONG (Pánico score=32 fg=23)
2026-05-29 09:14:35,530 [WARNING] Ya abierta SOL_USDT
2026-05-29 09:15:05,534 [INFO] --- [09:15:05] Iter 47 ---
2026-05-29 09:15:06,767 [INFO] F&G:23 Score:32 Señal:STRONG_LONG (Pánico score=32 fg=23)
2026-05-29 09:15:06,972 [WARNING] Ya abierta SOL_USDT
2026-05-29 09:15:36,974 [INFO] --- [09:15:36] Iter 48 ---
2026-05-29 09:15:38,129 [INFO] F&G:23 Score:32 Señal:STRONG_LONG (Pánico score=32 fg=23)
2026-05-29 09:15:38,319 [WARNING] Ya abierta SOL_USDT
2026-05-29 09:16:08,334 [INFO] --- [09:16:08] Iter 49 ---
2026-05-29 09:16:09,586 [INFO] F&G:23 Score:32 Señal:STRONG_LONG (Pánico score=32 fg=23)
2026-05-29 09:16:09,773 [WARNING] Ya abierta SOL_USDT
2026-05-29 09:16:39,774 [INFO] --- [09:16:39] Iter 50 ---
2026-05-29 09:16:40,879 [INFO] F&G:23 Score:32 Señal:STRONG_LONG (Pánico score=32 fg=23)
2026-05-29 09:16:41,060 [WARNING] Ya abierta SOL_USDT
2026-05-29 09:16:41,062 [INFO] Sin trades aún
2026-05-29 09:17:11,063 [INFO] --- [09:17:11] Iter 51 ---
2026-05-29 09:17:12,132 [INFO] F&G:23 Score:32 Señal:STRONG_LONG (Pánico score=32 fg=23)
2026-05-29 09:17:12,305 [WARNING] Ya abierta SOL_USDT
2026-05-29 09:17:42,313 [INFO] --- [09:17:42] Iter 52 ---
2026-05-29 09:17:43,509 [INFO] F&G:23 Score:32 Señal:STRONG_LONG (Pánico score=32 fg=23)
2026-05-29 09:17:43,834 [WARNING] Ya abierta SOL_USDT
2026-05-29 09:18:13,835 [INFO] --- [09:18:13] Iter 53 ---
2026-05-29 09:18:14,962 [INFO] F&G:23 Score:32 Señal:STRONG_LONG (Pánico score=32 fg=23)
2026-05-29 09:18:15,155 [WARNING] Ya abierta SOL_USDT
2026-05-29 09:18:45,156 [INFO] --- [09:18:45] Iter 54 ---
2026-05-29 09:18:46,329 [INFO] F&G:23 Score:32 Señal:STRONG_LONG (Pánico score=32 fg=23)
2026-05-29 09:18:46,849 [WARNING] Ya abierta SOL_USDT
2026-05-29 09:19:16,850 [INFO] --- [09:19:16] Iter 55 ---
2026-05-29 09:19:18,017 [INFO] F&G:23 Score:32 Señal:STRONG_LONG (Pánico score=32 fg=23)
2026-05-29 09:19:18,219 [WARNING] Ya abierta SOL_USDT
2026-05-29 09:19:48,220 [INFO] --- [09:19:48] Iter 56 ---
2026-05-29 09:19:49,350 [INFO] F&G:23 Score:32 Señal:STRONG_LONG (Pánico score=32 fg=23)
2026-05-29 09:19:49,539 [WARNING] Ya abierta SOL_USDT
2026-05-29 09:20:19,540 [INFO] --- [09:20:19] Iter 57 ---
2026-05-29 09:20:20,611 [INFO] F&G:23 Score:32 Señal:STRONG_LONG (Pánico score=32 fg=23)
2026-05-29 09:20:20,806 [WARNING] Ya abierta SOL_USDT
2026-05-29 09:20:50,807 [INFO] --- [09:20:50] Iter 58 ---
2026-05-29 09:20:51,873 [INFO] F&G:23 Score:32 Señal:STRONG_LONG (Pánico score=32 fg=23)
2026-05-29 09:20:52,062 [WARNING] Ya abierta SOL_USDT
2026-05-29 09:21:22,063 [INFO] --- [09:21:22] Iter 59 ---
2026-05-29 09:21:23,333 [INFO] F&G:23 Score:32 Señal:STRONG_LONG (Pánico score=32 fg=23)
2026-05-29 09:21:23,521 [WARNING] Ya abierta SOL_USDT
2026-05-29 09:21:53,523 [INFO] --- [09:21:53] Iter 60 ---
2026-05-29 09:21:55,004 [INFO] F&G:23 Score:32 Señal:STRONG_LONG (Pánico score=32 fg=23)
2026-05-29 09:21:55,222 [WARNING] Ya abierta SOL_USDT
2026-05-29 09:21:55,223 [INFO] Sin trades aún
2026-05-29 09:22:25,627 [INFO] --- [09:22:25] Iter 61 ---
2026-05-29 09:22:27,069 [INFO] F&G:23 Score:32 Señal:STRONG_LONG (Pánico score=32 fg=23)
2026-05-29 09:22:27,253 [WARNING] Ya abierta SOL_USDT
2026-05-29 09:22:57,258 [INFO] --- [09:22:57] Iter 62 ---
2026-05-29 09:22:58,285 [INFO] F&G:23 Score:32 Señal:STRONG_LONG (Pánico score=32 fg=23)
2026-05-29 09:22:58,475 [WARNING] Ya abierta SOL_USDT
2026-05-29 09:23:28,476 [INFO] --- [09:23:28] Iter 63 ---
2026-05-29 09:23:29,538 [INFO] F&G:23 Score:32 Señal:STRONG_LONG (Pánico score=32 fg=23)
2026-05-29 09:23:29,742 [WARNING] Ya abierta SOL_USDT
2026-05-29 09:23:59,744 [INFO] --- [09:23:59] Iter 64 ---
2026-05-29 09:24:01,098 [INFO] F&G:23 Score:32 Señal:STRONG_LONG (Pánico score=32 fg=23)
2026-05-29 09:24:01,287 [WARNING] Ya abierta SOL_USDT
2026-05-29 09:24:31,289 [INFO] --- [09:24:31] Iter 65 ---
2026-05-29 09:24:32,384 [INFO] F&G:23 Score:32 Señal:STRONG_LONG (Pánico score=32 fg=23)
2026-05-29 09:24:32,565 [WARNING] Ya abierta SOL_USDT
2026-05-29 09:25:02,635 [INFO] --- [09:25:02] Iter 66 ---
2026-05-29 09:25:03,998 [INFO] F&G:23 Score:32 Señal:STRONG_LONG (Pánico score=32 fg=23)
2026-05-29 09:25:04,192 [WARNING] Ya abierta SOL_USDT
2026-05-29 09:25:34,232 [INFO] --- [09:25:34] Iter 67 ---
2026-05-29 09:25:35,511 [INFO] F&G:23 Score:32 Señal:STRONG_LONG (Pánico score=32 fg=23)
2026-05-29 09:25:35,721 [WARNING] Ya abierta SOL_USDT
2026-05-29 09:26:05,722 [INFO] --- [09:26:05] Iter 68 ---
2026-05-29 09:26:06,914 [INFO] F&G:23 Score:32 Señal:STRONG_LONG (Pánico score=32 fg=23)
2026-05-29 09:26:07,115 [WARNING] Ya abierta SOL_USDT
2026-05-29 09:26:37,117 [INFO] --- [09:26:37] Iter 69 ---
2026-05-29 09:26:38,158 [INFO] F&G:23 Score:32 Señal:STRONG_LONG (Pánico score=32 fg=23)
2026-05-29 09:26:38,343 [WARNING] Ya abierta SOL_USDT
2026-05-29 09:27:08,348 [INFO] --- [09:27:08] Iter 70 ---
2026-05-29 09:27:09,454 [INFO] F&G:23 Score:32 Señal:STRONG_LONG (Pánico score=32 fg=23)
2026-05-29 09:27:09,648 [WARNING] Ya abierta SOL_USDT
2026-05-29 09:27:09,648 [INFO] Sin trades aún
2026-05-29 09:27:39,650 [INFO] --- [09:27:39] Iter 71 ---
2026-05-29 09:27:40,748 [INFO] F&G:23 Score:32 Señal:STRONG_LONG (Pánico score=32 fg=23)
2026-05-29 09:27:40,940 [WARNING] Ya abierta SOL_USDT
2026-05-29 09:28:10,941 [INFO] --- [09:28:10] Iter 72 ---
2026-05-29 09:28:12,080 [INFO] F&G:23 Score:32 Señal:STRONG_LONG (Pánico score=32 fg=23)
2026-05-29 09:28:12,276 [WARNING] Ya abierta SOL_USDT
2026-05-29 09:28:42,277 [INFO] --- [09:28:42] Iter 73 ---
2026-05-29 09:28:43,538 [INFO] F&G:23 Score:32 Señal:STRONG_LONG (Pánico score=32 fg=23)
2026-05-29 09:28:43,735 [WARNING] Ya abierta SOL_USDT
2026-05-29 09:29:13,736 [INFO] --- [09:29:13] Iter 74 ---
2026-05-29 09:29:15,005 [INFO] F&G:23 Score:32 Señal:STRONG_LONG (Pánico score=32 fg=23)
2026-05-29 09:29:15,186 [WARNING] Ya abierta SOL_USDT
2026-05-29 09:29:45,188 [INFO] --- [09:29:45] Iter 75 ---
2026-05-29 09:29:46,352 [INFO] F&G:23 Score:32 Señal:STRONG_LONG (Pánico score=32 fg=23)
2026-05-29 09:29:46,578 [WARNING] Ya abierta SOL_USDT
2026-05-29 09:30:16,612 [INFO] --- [09:30:16] Iter 76 ---
2026-05-29 09:30:18,069 [INFO] F&G:23 Score:32 Señal:STRONG_LONG (Pánico score=32 fg=23)
2026-05-29 09:30:18,272 [WARNING] Ya abierta SOL_USDT
2026-05-29 09:30:48,274 [INFO] --- [09:30:48] Iter 77 ---
2026-05-29 09:30:49,334 [INFO] F&G:23 Score:32 Señal:STRONG_LONG (Pánico score=32 fg=23)
2026-05-29 09:30:49,524 [WARNING] Ya abierta SOL_USDT
2026-05-29 09:31:19,528 [INFO] --- [09:31:19] Iter 78 ---
2026-05-29 09:31:20,551 [INFO] F&G:23 Score:32 Señal:STRONG_LONG (Pánico score=32 fg=23)
2026-05-29 09:31:20,727 [WARNING] Ya abierta SOL_USDT
2026-05-29 09:31:50,728 [INFO] --- [09:31:50] Iter 79 ---
2026-05-29 09:31:51,803 [INFO] F&G:23 Score:32 Señal:STRONG_LONG (Pánico score=32 fg=23)
2026-05-29 09:31:51,998 [WARNING] Ya abierta SOL_USDT
2026-05-29 09:32:21,999 [INFO] --- [09:32:21] Iter 80 ---
2026-05-29 09:32:23,219 [INFO] F&G:23 Score:32 Señal:STRONG_LONG (Pánico score=32 fg=23)
2026-05-29 09:32:23,448 [WARNING] Ya abierta SOL_USDT
2026-05-29 09:32:23,449 [INFO] Sin trades aún
2026-05-29 09:32:53,450 [INFO] --- [09:32:53] Iter 81 ---
2026-05-29 09:32:54,701 [INFO] F&G:23 Score:32 Señal:STRONG_LONG (Pánico score=32 fg=23)
2026-05-29 09:32:54,882 [WARNING] Ya abierta SOL_USDT
2026-05-29 09:33:24,887 [INFO] --- [09:33:24] Iter 82 ---
2026-05-29 09:33:26,098 [INFO] F&G:23 Score:32 Señal:STRONG_LONG (Pánico score=32 fg=23)
2026-05-29 09:33:26,301 [WARNING] Ya abierta SOL_USDT
2026-05-29 09:33:56,315 [INFO] --- [09:33:56] Iter 83 ---
2026-05-29 09:33:57,774 [INFO] F&G:23 Score:32 Señal:STRONG_LONG (Pánico score=32 fg=23)
2026-05-29 09:33:58,127 [WARNING] Ya abierta SOL_USDT
2026-05-29 09:34:28,161 [INFO] --- [09:34:28] Iter 84 ---
2026-05-29 09:34:29,362 [INFO] F&G:23 Score:32 Señal:STRONG_LONG (Pánico score=32 fg=23)
2026-05-29 09:34:29,561 [WARNING] Ya abierta SOL_USDT
2026-05-29 09:34:59,562 [INFO] --- [09:34:59] Iter 85 ---
2026-05-29 09:35:00,666 [INFO] F&G:23 Score:32 Señal:STRONG_LONG (Pánico score=32 fg=23)
2026-05-29 09:35:00,849 [WARNING] Ya abierta SOL_USDT
2026-05-29 09:35:30,851 [INFO] --- [09:35:30] Iter 86 ---
2026-05-29 09:35:31,975 [INFO] F&G:23 Score:32 Señal:STRONG_LONG (Pánico score=32 fg=23)
2026-05-29 09:35:32,162 [WARNING] Ya abierta SOL_USDT
2026-05-29 09:36:02,163 [INFO] --- [09:36:02] Iter 87 ---
2026-05-29 09:36:03,229 [INFO] F&G:23 Score:32 Señal:STRONG_LONG (Pánico score=32 fg=23)
2026-05-29 09:36:03,429 [WARNING] Ya abierta SOL_USDT
2026-05-29 09:36:33,430 [INFO] --- [09:36:33] Iter 88 ---
2026-05-29 09:36:34,568 [INFO] F&G:23 Score:32 Señal:STRONG_LONG (Pánico score=32 fg=23)
2026-05-29 09:36:34,772 [WARNING] Ya abierta SOL_USDT
2026-05-29 09:37:04,772 [INFO] --- [09:37:04] Iter 89 ---
2026-05-29 09:37:05,845 [INFO] F&G:23 Score:32 Señal:STRONG_LONG (Pánico score=32 fg=23)
2026-05-29 09:37:06,037 [WARNING] Ya abierta SOL_USDT
2026-05-29 09:37:41,077 [INFO] --- [09:37:40] Iter 90 ---
2026-05-29 09:37:48,251 [INFO] F&G:23 Score:32 Señal:STRONG_LONG (Pánico score=32 fg=23)
2026-05-29 09:37:48,449 [WARNING] Ya abierta SOL_USDT
2026-05-29 09:37:48,451 [INFO] Sin trades aún
2026-05-29 09:38:18,466 [INFO] --- [09:38:18] Iter 91 ---
2026-05-29 09:38:20,072 [INFO] F&G:23 Score:32 Señal:STRONG_LONG (Pánico score=32 fg=23)
2026-05-29 09:38:20,274 [WARNING] Ya abierta SOL_USDT
2026-05-29 09:38:50,277 [INFO] --- [09:38:50] Iter 92 ---
2026-05-29 09:38:51,411 [INFO] F&G:23 Score:32 Señal:STRONG_LONG (Pánico score=32 fg=23)
2026-05-29 09:38:51,898 [WARNING] Ya abierta SOL_USDT
2026-05-29 09:39:21,900 [INFO] --- [09:39:21] Iter 93 ---
2026-05-29 09:39:22,959 [INFO] F&G:23 Score:32 Señal:STRONG_LONG (Pánico score=32 fg=23)
2026-05-29 09:39:23,143 [WARNING] Ya abierta SOL_USDT
2026-05-29 09:39:53,144 [INFO] --- [09:39:53] Iter 94 ---
2026-05-29 09:39:54,232 [INFO] F&G:23 Score:32 Señal:STRONG_LONG (Pánico score=32 fg=23)
2026-05-29 09:39:54,786 [WARNING] Ya abierta SOL_USDT
2026-05-29 09:40:24,788 [INFO] --- [09:40:24] Iter 95 ---
2026-05-29 09:40:25,822 [INFO] F&G:23 Score:32 Señal:STRONG_LONG (Pánico score=32 fg=23)
2026-05-29 09:40:26,035 [WARNING] Ya abierta SOL_USDT
2026-05-29 09:40:56,040 [INFO] --- [09:40:56] Iter 96 ---
2026-05-29 09:40:57,102 [INFO] F&G:23 Score:32 Señal:STRONG_LONG (Pánico score=32 fg=23)
2026-05-29 09:40:57,312 [WARNING] Ya abierta SOL_USDT
2026-05-29 09:41:27,313 [INFO] --- [09:41:27] Iter 97 ---
2026-05-29 09:41:28,369 [INFO] F&G:23 Score:32 Señal:STRONG_LONG (Pánico score=32 fg=23)
2026-05-29 09:41:28,553 [WARNING] Ya abierta SOL_USDT
2026-05-29 09:41:58,554 [INFO] --- [09:41:58] Iter 98 ---
2026-05-29 09:41:59,668 [INFO] F&G:23 Score:32 Señal:STRONG_LONG (Pánico score=32 fg=23)
2026-05-29 09:42:00,186 [WARNING] Ya abierta SOL_USDT
2026-05-29 09:42:30,187 [INFO] --- [09:42:30] Iter 99 ---
2026-05-29 09:42:31,283 [INFO] F&G:23 Score:29 Señal:STRONG_LONG (Pánico score=29 fg=23)
2026-05-29 09:42:31,470 [WARNING] Ya abierta SOL_USDT
2026-05-29 09:43:01,471 [INFO] --- [09:43:01] Iter 100 ---
2026-05-29 09:43:02,611 [INFO] F&G:23 Score:29 Señal:STRONG_LONG (Pánico score=29 fg=23)
2026-05-29 09:43:02,793 [WARNING] Ya abierta SOL_USDT
2026-05-29 09:43:02,794 [INFO] Sin trades aún
2026-05-29 09:43:32,795 [INFO] --- [09:43:32] Iter 101 ---
2026-05-29 09:43:33,888 [INFO] F&G:23 Score:29 Señal:STRONG_LONG (Pánico score=29 fg=23)
2026-05-29 09:43:34,449 [WARNING] Ya abierta SOL_USDT
2026-05-29 09:44:04,450 [INFO] --- [09:44:04] Iter 102 ---
2026-05-29 09:44:05,551 [INFO] F&G:23 Score:29 Señal:STRONG_LONG (Pánico score=29 fg=23)
2026-05-29 09:44:05,750 [WARNING] Ya abierta SOL_USDT
2026-05-29 09:44:35,751 [INFO] --- [09:44:35] Iter 103 ---
2026-05-29 09:44:36,787 [INFO] F&G:23 Score:29 Señal:STRONG_LONG (Pánico score=29 fg=23)
2026-05-29 09:44:37,277 [WARNING] Ya abierta SOL_USDT
2026-05-29 09:45:07,278 [INFO] --- [09:45:07] Iter 104 ---
2026-05-29 09:45:08,339 [INFO] F&G:23 Score:29 Señal:STRONG_LONG (Pánico score=29 fg=23)
2026-05-29 09:45:08,518 [WARNING] Ya abierta SOL_USDT
2026-05-29 09:45:38,522 [INFO] --- [09:45:38] Iter 105 ---
2026-05-29 09:45:39,600 [INFO] F&G:23 Score:29 Señal:STRONG_LONG (Pánico score=29 fg=23)
2026-05-29 09:45:39,797 [WARNING] Ya abierta SOL_USDT
2026-05-29 09:46:09,798 [INFO] --- [09:46:09] Iter 106 ---
2026-05-29 09:46:10,842 [INFO] F&G:23 Score:29 Señal:STRONG_LONG (Pánico score=29 fg=23)
2026-05-29 09:46:11,029 [WARNING] Ya abierta SOL_USDT
2026-05-29 09:46:41,029 [INFO] --- [09:46:41] Iter 107 ---
2026-05-29 09:46:42,124 [INFO] F&G:23 Score:29 Señal:STRONG_LONG (Pánico score=29 fg=23)
2026-05-29 09:46:42,320 [WARNING] Ya abierta SOL_USDT
2026-05-29 09:47:12,322 [INFO] --- [09:47:12] Iter 108 ---
2026-05-29 09:47:13,382 [INFO] F&G:23 Score:29 Señal:STRONG_LONG (Pánico score=29 fg=23)
2026-05-29 09:47:14,104 [WARNING] Ya abierta SOL_USDT
2026-05-29 09:47:44,105 [INFO] --- [09:47:44] Iter 109 ---
2026-05-29 09:47:45,239 [INFO] F&G:23 Score:29 Señal:STRONG_LONG (Pánico score=29 fg=23)
2026-05-29 09:47:45,467 [WARNING] Ya abierta SOL_USDT
2026-05-29 09:48:15,468 [INFO] --- [09:48:15] Iter 110 ---
2026-05-29 09:48:16,614 [INFO] F&G:23 Score:29 Señal:STRONG_LONG (Pánico score=29 fg=23)
2026-05-29 09:48:16,813 [WARNING] Ya abierta SOL_USDT
2026-05-29 09:48:16,814 [INFO] Sin trades aún
2026-05-29 09:48:46,814 [INFO] --- [09:48:46] Iter 111 ---
2026-05-29 09:48:47,848 [INFO] F&G:23 Score:29 Señal:STRONG_LONG (Pánico score=29 fg=23)
2026-05-29 09:48:48,048 [WARNING] Ya abierta SOL_USDT
2026-05-29 09:49:18,049 [INFO] --- [09:49:18] Iter 112 ---
2026-05-29 09:49:19,150 [INFO] F&G:23 Score:29 Señal:STRONG_LONG (Pánico score=29 fg=23)
2026-05-29 09:49:19,353 [WARNING] Ya abierta SOL_USDT
2026-05-29 09:49:49,355 [INFO] --- [09:49:49] Iter 113 ---
2026-05-29 09:49:50,417 [INFO] F&G:23 Score:29 Señal:STRONG_LONG (Pánico score=29 fg=23)
2026-05-29 09:49:50,620 [WARNING] Ya abierta SOL_USDT
2026-05-29 09:50:20,621 [INFO] --- [09:50:20] Iter 114 ---
2026-05-29 09:50:21,683 [INFO] F&G:23 Score:29 Señal:STRONG_LONG (Pánico score=29 fg=23)
2026-05-29 09:50:21,883 [WARNING] Ya abierta SOL_USDT
2026-05-29 09:50:51,902 [INFO] --- [09:50:51] Iter 115 ---
2026-05-29 09:50:52,999 [INFO] F&G:23 Score:32 Señal:STRONG_LONG (Pánico score=32 fg=23)
2026-05-29 09:50:53,194 [WARNING] Ya abierta SOL_USDT
2026-05-29 09:51:23,196 [INFO] --- [09:51:23] Iter 116 ---
2026-05-29 09:51:24,289 [INFO] F&G:23 Score:32 Señal:STRONG_LONG (Pánico score=32 fg=23)
2026-05-29 09:51:24,468 [WARNING] Ya abierta SOL_USDT
2026-05-29 09:51:54,469 [INFO] --- [09:51:54] Iter 117 ---
2026-05-29 09:51:55,488 [INFO] F&G:23 Score:32 Señal:STRONG_LONG (Pánico score=32 fg=23)
2026-05-29 09:51:55,691 [WARNING] Ya abierta SOL_USDT
2026-05-29 09:52:25,691 [INFO] --- [09:52:25] Iter 118 ---
2026-05-29 09:52:26,791 [INFO] F&G:23 Score:32 Señal:STRONG_LONG (Pánico score=32 fg=23)
2026-05-29 09:52:26,969 [WARNING] Ya abierta SOL_USDT
2026-05-29 09:52:56,970 [INFO] --- [09:52:56] Iter 119 ---
2026-05-29 09:52:58,029 [INFO] F&G:23 Score:32 Señal:STRONG_LONG (Pánico score=32 fg=23)
2026-05-29 09:52:58,225 [WARNING] Ya abierta SOL_USDT
2026-05-29 09:53:28,226 [INFO] --- [09:53:28] Iter 120 ---
2026-05-29 09:53:29,290 [INFO] F&G:23 Score:32 Señal:STRONG_LONG (Pánico score=32 fg=23)
2026-05-29 09:53:29,492 [WARNING] Ya abierta SOL_USDT
2026-05-29 09:53:29,493 [INFO] Sin trades aún
2026-05-29 09:53:59,494 [INFO] --- [09:53:59] Iter 121 ---
2026-05-29 09:54:00,669 [INFO] F&G:23 Score:32 Señal:STRONG_LONG (Pánico score=32 fg=23)
2026-05-29 09:54:00,870 [WARNING] Ya abierta SOL_USDT
2026-05-29 09:54:30,872 [INFO] --- [09:54:30] Iter 122 ---
2026-05-29 09:54:31,902 [INFO] F&G:23 Score:32 Señal:STRONG_LONG (Pánico score=32 fg=23)
2026-05-29 09:54:32,101 [WARNING] Ya abierta SOL_USDT
2026-05-29 09:55:02,102 [INFO] --- [09:55:02] Iter 123 ---
2026-05-29 09:55:03,263 [INFO] F&G:23 Score:29 Señal:STRONG_LONG (Pánico score=29 fg=23)
2026-05-29 09:55:03,462 [WARNING] Ya abierta SOL_USDT
2026-05-29 09:55:33,463 [INFO] --- [09:55:33] Iter 124 ---
2026-05-29 09:55:34,521 [INFO] F&G:23 Score:29 Señal:STRONG_LONG (Pánico score=29 fg=23)
2026-05-29 09:55:34,722 [WARNING] Ya abierta SOL_USDT
2026-05-29 09:56:04,723 [INFO] --- [09:56:04] Iter 125 ---
2026-05-29 09:56:05,795 [INFO] F&G:23 Score:29 Señal:STRONG_LONG (Pánico score=29 fg=23)
2026-05-29 09:56:06,344 [WARNING] Ya abierta SOL_USDT
2026-05-29 09:56:36,345 [INFO] --- [09:56:36] Iter 126 ---
2026-05-29 09:56:37,384 [INFO] F&G:23 Score:29 Señal:STRONG_LONG (Pánico score=29 fg=23)
2026-05-29 09:56:37,585 [WARNING] Ya abierta SOL_USDT
2026-05-29 09:57:07,587 [INFO] --- [09:57:07] Iter 127 ---
2026-05-29 09:57:08,694 [INFO] F&G:23 Score:32 Señal:STRONG_LONG (Pánico score=32 fg=23)
2026-05-29 09:57:08,877 [WARNING] Ya abierta SOL_USDT
2026-05-29 09:57:38,879 [INFO] --- [09:57:38] Iter 128 ---
2026-05-29 09:57:39,973 [INFO] F&G:23 Score:29 Señal:STRONG_LONG (Pánico score=29 fg=23)
2026-05-29 09:57:40,156 [WARNING] Ya abierta SOL_USDT
2026-05-29 09:58:10,174 [INFO] --- [09:58:10] Iter 129 ---
2026-05-29 09:58:11,329 [INFO] F&G:23 Score:32 Señal:STRONG_LONG (Pánico score=32 fg=23)
2026-05-29 09:58:11,515 [WARNING] Ya abierta SOL_USDT
2026-05-29 09:58:41,547 [INFO] --- [09:58:41] Iter 130 ---
2026-05-29 09:58:42,642 [INFO] F&G:23 Score:32 Señal:STRONG_LONG (Pánico score=32 fg=23)
2026-05-29 09:58:42,839 [WARNING] Ya abierta SOL_USDT
2026-05-29 09:58:42,842 [INFO] Sin trades aún
2026-05-29 09:59:12,844 [INFO] --- [09:59:12] Iter 131 ---
2026-05-29 09:59:14,067 [INFO] F&G:23 Score:32 Señal:STRONG_LONG (Pánico score=32 fg=23)
2026-05-29 09:59:14,261 [WARNING] Ya abierta SOL_USDT
2026-05-29 09:59:44,262 [INFO] --- [09:59:44] Iter 132 ---
2026-05-29 09:59:45,321 [INFO] F&G:23 Score:32 Señal:STRONG_LONG (Pánico score=32 fg=23)
2026-05-29 09:59:45,520 [WARNING] Ya abierta SOL_USDT
2026-05-29 10:00:15,523 [INFO] --- [10:00:15] Iter 133 ---
2026-05-29 10:00:16,651 [INFO] F&G:23 Score:32 Señal:STRONG_LONG (Pánico score=32 fg=23)
2026-05-29 10:00:16,860 [WARNING] Ya abierta SOL_USDT
2026-05-29 10:00:46,862 [INFO] --- [10:00:46] Iter 134 ---
2026-05-29 10:00:47,927 [INFO] F&G:23 Score:32 Señal:STRONG_LONG (Pánico score=32 fg=23)
2026-05-29 10:00:48,127 [WARNING] Ya abierta SOL_USDT
2026-05-29 10:01:18,128 [INFO] --- [10:01:18] Iter 135 ---
2026-05-29 10:01:19,205 [INFO] F&G:23 Score:32 Señal:STRONG_LONG (Pánico score=32 fg=23)
2026-05-29 10:01:19,396 [WARNING] Ya abierta SOL_USDT
2026-05-29 10:01:49,397 [INFO] --- [10:01:49] Iter 136 ---
2026-05-29 10:01:50,670 [INFO] F&G:23 Score:32 Señal:STRONG_LONG (Pánico score=32 fg=23)
2026-05-29 10:01:51,216 [WARNING] Ya abierta SOL_USDT
2026-05-29 10:02:21,217 [INFO] --- [10:02:21] Iter 137 ---
2026-05-29 10:02:22,278 [INFO] F&G:23 Score:32 Señal:STRONG_LONG (Pánico score=32 fg=23)
2026-05-29 10:02:22,474 [WARNING] Ya abierta SOL_USDT
2026-05-29 10:02:52,474 [INFO] --- [10:02:52] Iter 138 ---
2026-05-29 10:02:53,548 [INFO] F&G:23 Score:32 Señal:STRONG_LONG (Pánico score=32 fg=23)
2026-05-29 10:02:53,739 [WARNING] Ya abierta SOL_USDT
2026-05-29 10:03:23,740 [INFO] --- [10:03:23] Iter 139 ---
2026-05-29 10:03:24,809 [INFO] F&G:23 Score:32 Señal:STRONG_LONG (Pánico score=32 fg=23)
2026-05-29 10:03:25,352 [WARNING] Ya abierta SOL_USDT
2026-05-29 10:03:55,352 [INFO] --- [10:03:55] Iter 140 ---
2026-05-29 10:03:56,501 [INFO] F&G:23 Score:32 Señal:STRONG_LONG (Pánico score=32 fg=23)
2026-05-29 10:03:57,201 [WARNING] Ya abierta SOL_USDT
2026-05-29 10:03:57,201 [INFO] Sin trades aún
2026-05-29 10:04:27,202 [INFO] --- [10:04:27] Iter 141 ---
2026-05-29 10:04:28,283 [INFO] F&G:23 Score:32 Señal:STRONG_LONG (Pánico score=32 fg=23)
2026-05-29 10:04:28,489 [WARNING] Ya abierta SOL_USDT
2026-05-29 10:04:58,504 [INFO] --- [10:04:58] Iter 142 ---
2026-05-29 10:04:59,718 [INFO] F&G:23 Score:32 Señal:STRONG_LONG (Pánico score=32 fg=23)
2026-05-29 10:04:59,906 [WARNING] Ya abierta SOL_USDT
2026-05-29 10:05:29,906 [INFO] --- [10:05:29] Iter 143 ---
2026-05-29 10:05:31,021 [INFO] F&G:23 Score:32 Señal:STRONG_LONG (Pánico score=32 fg=23)
2026-05-29 10:05:31,227 [WARNING] Ya abierta SOL_USDT
2026-05-29 10:06:01,228 [INFO] --- [10:06:01] Iter 144 ---
2026-05-29 10:06:02,308 [INFO] F&G:23 Score:32 Señal:STRONG_LONG (Pánico score=32 fg=23)
2026-05-29 10:06:02,502 [WARNING] Ya abierta SOL_USDT
2026-05-29 10:06:32,503 [INFO] --- [10:06:32] Iter 145 ---
2026-05-29 10:06:33,548 [INFO] F&G:23 Score:32 Señal:STRONG_LONG (Pánico score=32 fg=23)
2026-05-29 10:06:33,743 [WARNING] Ya abierta SOL_USDT
2026-05-29 10:07:03,744 [INFO] --- [10:07:03] Iter 146 ---
2026-05-29 10:07:04,857 [INFO] F&G:23 Score:32 Señal:STRONG_LONG (Pánico score=32 fg=23)
2026-05-29 10:07:05,040 [WARNING] Ya abierta SOL_USDT
2026-05-29 10:07:35,042 [INFO] --- [10:07:35] Iter 147 ---
2026-05-29 10:07:36,185 [INFO] F&G:23 Score:32 Señal:STRONG_LONG (Pánico score=32 fg=23)
2026-05-29 10:07:36,361 [WARNING] Ya abierta SOL_USDT
2026-05-29 10:08:06,363 [INFO] --- [10:08:06] Iter 148 ---
2026-05-29 10:08:07,443 [INFO] F&G:23 Score:32 Señal:STRONG_LONG (Pánico score=32 fg=23)
2026-05-29 10:08:07,638 [WARNING] Ya abierta SOL_USDT
2026-05-29 10:08:37,639 [INFO] --- [10:08:37] Iter 149 ---
2026-05-29 10:08:38,776 [INFO] F&G:23 Score:32 Señal:STRONG_LONG (Pánico score=32 fg=23)
2026-05-29 10:08:38,951 [WARNING] Ya abierta SOL_USDT
2026-05-29 10:09:08,953 [INFO] --- [10:09:08] Iter 150 ---
2026-05-29 10:09:11,600 [INFO] F&G:23 Score:32 Señal:STRONG_LONG (Pánico score=32 fg=23)
2026-05-29 10:09:11,779 [WARNING] Ya abierta SOL_USDT
2026-05-29 10:09:11,781 [INFO] Sin trades aún
2026-05-29 10:09:41,782 [INFO] --- [10:09:41] Iter 151 ---
2026-05-29 10:09:44,370 [INFO] F&G:23 Score:32 Señal:STRONG_LONG (Pánico score=32 fg=23)
2026-05-29 10:09:44,674 [WARNING] Ya abierta SOL_USDT
2026-05-29 10:10:14,675 [INFO] --- [10:10:14] Iter 152 ---
2026-05-29 10:10:15,760 [INFO] F&G:23 Score:32 Señal:STRONG_LONG (Pánico score=32 fg=23)
2026-05-29 10:10:15,950 [WARNING] Ya abierta SOL_USDT
2026-05-29 10:10:45,953 [INFO] --- [10:10:45] Iter 153 ---
2026-05-29 10:10:46,975 [INFO] F&G:23 Score:32 Señal:STRONG_LONG (Pánico score=32 fg=23)
2026-05-29 10:10:47,512 [WARNING] Ya abierta SOL_USDT
2026-05-29 10:11:17,513 [INFO] --- [10:11:17] Iter 154 ---
2026-05-29 10:11:18,596 [INFO] F&G:23 Score:32 Señal:STRONG_LONG (Pánico score=32 fg=23)
2026-05-29 10:11:18,791 [WARNING] Ya abierta SOL_USDT
2026-05-29 10:11:48,792 [INFO] --- [10:11:48] Iter 155 ---
2026-05-29 10:11:49,810 [INFO] F&G:23 Score:32 Señal:STRONG_LONG (Pánico score=32 fg=23)
2026-05-29 10:11:50,002 [WARNING] Ya abierta SOL_USDT
2026-05-29 10:12:20,004 [INFO] --- [10:12:20] Iter 156 ---
2026-05-29 10:12:21,076 [INFO] F&G:23 Score:32 Señal:STRONG_LONG (Pánico score=32 fg=23)
2026-05-29 10:12:21,270 [WARNING] Ya abierta SOL_USDT
2026-05-29 10:12:51,271 [INFO] --- [10:12:51] Iter 157 ---
2026-05-29 10:12:52,297 [INFO] F&G:23 Score:32 Señal:STRONG_LONG (Pánico score=32 fg=23)
2026-05-29 10:12:52,487 [WARNING] Ya abierta SOL_USDT
2026-05-29 10:13:22,489 [INFO] --- [10:13:22] Iter 158 ---
2026-05-29 10:13:23,547 [INFO] F&G:23 Score:32 Señal:STRONG_LONG (Pánico score=32 fg=23)
2026-05-29 10:13:23,762 [WARNING] Ya abierta SOL_USDT
2026-05-29 10:13:53,764 [INFO] --- [10:13:53] Iter 159 ---
2026-05-29 10:13:54,870 [INFO] F&G:23 Score:32 Señal:STRONG_LONG (Pánico score=32 fg=23)
2026-05-29 10:13:55,061 [WARNING] Ya abierta SOL_USDT
2026-05-29 10:14:25,065 [INFO] --- [10:14:25] Iter 160 ---
2026-05-29 10:14:26,588 [INFO] F&G:23 Score:32 Señal:STRONG_LONG (Pánico score=32 fg=23)
2026-05-29 10:14:26,774 [WARNING] Ya abierta SOL_USDT
2026-05-29 10:14:26,775 [INFO] Sin trades aún
2026-05-29 10:14:56,794 [INFO] --- [10:14:56] Iter 161 ---
2026-05-29 10:14:58,115 [INFO] F&G:23 Score:32 Señal:STRONG_LONG (Pánico score=32 fg=23)
2026-05-29 10:14:58,313 [WARNING] Ya abierta SOL_USDT
2026-05-29 10:15:28,314 [INFO] --- [10:15:28] Iter 162 ---
2026-05-29 10:15:29,369 [INFO] F&G:23 Score:32 Señal:STRONG_LONG (Pánico score=32 fg=23)
2026-05-29 10:15:29,559 [WARNING] Ya abierta SOL_USDT
2026-05-29 10:15:59,560 [INFO] --- [10:15:59] Iter 163 ---
2026-05-29 10:16:00,626 [INFO] F&G:23 Score:32 Señal:STRONG_LONG (Pánico score=32 fg=23)
2026-05-29 10:16:00,808 [WARNING] Ya abierta SOL_USDT
2026-05-29 10:16:30,808 [INFO] --- [10:16:30] Iter 164 ---
2026-05-29 10:16:31,859 [INFO] F&G:23 Score:32 Señal:STRONG_LONG (Pánico score=32 fg=23)
2026-05-29 10:16:32,054 [WARNING] Ya abierta SOL_USDT
2026-05-29 10:17:02,055 [INFO] --- [10:17:02] Iter 165 ---
2026-05-29 10:17:03,171 [INFO] F&G:23 Score:32 Señal:STRONG_LONG (Pánico score=32 fg=23)
2026-05-29 10:17:03,349 [WARNING] Ya abierta SOL_USDT
2026-05-29 10:17:33,350 [INFO] --- [10:17:33] Iter 166 ---
2026-05-29 10:17:34,390 [INFO] F&G:23 Score:32 Señal:STRONG_LONG (Pánico score=32 fg=23)
2026-05-29 10:17:34,569 [WARNING] Ya abierta SOL_USDT
2026-05-29 10:18:04,570 [INFO] --- [10:18:04] Iter 167 ---
2026-05-29 10:18:05,680 [INFO] F&G:23 Score:32 Señal:STRONG_LONG (Pánico score=32 fg=23)
2026-05-29 10:18:05,877 [WARNING] Ya abierta SOL_USDT
2026-05-29 10:18:35,880 [INFO] --- [10:18:35] Iter 168 ---
2026-05-29 10:18:36,958 [INFO] F&G:23 Score:32 Señal:STRONG_LONG (Pánico score=32 fg=23)
2026-05-29 10:18:37,143 [WARNING] Ya abierta SOL_USDT
2026-05-29 10:19:07,145 [INFO] --- [10:19:07] Iter 169 ---
2026-05-29 10:19:08,248 [INFO] F&G:23 Score:32 Señal:STRONG_LONG (Pánico score=32 fg=23)
2026-05-29 10:19:08,452 [WARNING] Ya abierta SOL_USDT
2026-05-29 10:19:38,454 [INFO] --- [10:19:38] Iter 170 ---
2026-05-29 10:19:39,573 [INFO] F&G:23 Score:32 Señal:STRONG_LONG (Pánico score=32 fg=23)
2026-05-29 10:19:40,144 [WARNING] Ya abierta SOL_USDT
2026-05-29 10:19:40,144 [INFO] Sin trades aún
2026-05-29 10:20:10,146 [INFO] --- [10:20:10] Iter 171 ---
2026-05-29 10:20:11,239 [INFO] F&G:23 Score:32 Señal:STRONG_LONG (Pánico score=32 fg=23)
2026-05-29 10:20:11,444 [WARNING] Ya abierta SOL_USDT
2026-05-29 10:20:41,448 [INFO] --- [10:20:41] Iter 172 ---
2026-05-29 10:20:42,532 [INFO] F&G:23 Score:32 Señal:STRONG_LONG (Pánico score=32 fg=23)
2026-05-29 10:20:42,706 [WARNING] Ya abierta SOL_USDT
2026-05-29 10:21:12,707 [INFO] --- [10:21:12] Iter 173 ---
2026-05-29 10:21:13,784 [INFO] F&G:23 Score:32 Señal:STRONG_LONG (Pánico score=32 fg=23)
2026-05-29 10:21:13,963 [WARNING] Ya abierta SOL_USDT
2026-05-29 10:21:43,965 [INFO] --- [10:21:43] Iter 174 ---
2026-05-29 10:21:44,981 [INFO] F&G:23 Score:32 Señal:STRONG_LONG (Pánico score=32 fg=23)
2026-05-29 10:21:45,182 [WARNING] Ya abierta SOL_USDT
2026-05-29 10:22:15,183 [INFO] --- [10:22:15] Iter 175 ---
2026-05-29 10:22:16,308 [INFO] F&G:23 Score:32 Señal:STRONG_LONG (Pánico score=32 fg=23)
2026-05-29 10:22:16,504 [WARNING] Ya abierta SOL_USDT
2026-05-29 10:22:46,504 [INFO] --- [10:22:46] Iter 176 ---
2026-05-29 10:22:47,545 [INFO] F&G:23 Score:32 Señal:STRONG_LONG (Pánico score=32 fg=23)
2026-05-29 10:22:47,741 [WARNING] Ya abierta SOL_USDT
2026-05-29 10:23:17,742 [INFO] --- [10:23:17] Iter 177 ---
2026-05-29 10:23:18,768 [INFO] F&G:23 Score:32 Señal:STRONG_LONG (Pánico score=32 fg=23)
2026-05-29 10:23:18,962 [WARNING] Ya abierta SOL_USDT
2026-05-29 10:23:48,963 [INFO] --- [10:23:48] Iter 178 ---
2026-05-29 10:23:50,043 [INFO] F&G:23 Score:32 Señal:STRONG_LONG (Pánico score=32 fg=23)
2026-05-29 10:23:50,237 [WARNING] Ya abierta SOL_USDT
2026-05-29 10:24:20,238 [INFO] --- [10:24:20] Iter 179 ---
2026-05-29 10:24:21,310 [INFO] F&G:23 Score:32 Señal:STRONG_LONG (Pánico score=32 fg=23)
2026-05-29 10:24:21,519 [WARNING] Ya abierta SOL_USDT
2026-05-29 10:24:51,520 [INFO] --- [10:24:51] Iter 180 ---
2026-05-29 10:24:52,608 [INFO] F&G:23 Score:32 Señal:STRONG_LONG (Pánico score=32 fg=23)
2026-05-29 10:24:52,796 [WARNING] Ya abierta SOL_USDT
2026-05-29 10:24:52,797 [INFO] Sin trades aún
2026-05-29 10:25:22,797 [INFO] --- [10:25:22] Iter 181 ---
2026-05-29 10:25:23,899 [INFO] F&G:23 Score:32 Señal:STRONG_LONG (Pánico score=32 fg=23)
2026-05-29 10:25:24,075 [WARNING] Ya abierta SOL_USDT
2026-05-29 10:25:54,076 [INFO] --- [10:25:54] Iter 182 ---
2026-05-29 10:25:55,223 [INFO] F&G:23 Score:32 Señal:STRONG_LONG (Pánico score=32 fg=23)
2026-05-29 10:25:55,402 [WARNING] Ya abierta SOL_USDT
2026-05-29 10:26:25,403 [INFO] --- [10:26:25] Iter 183 ---
2026-05-29 10:26:26,516 [INFO] F&G:23 Score:32 Señal:STRONG_LONG (Pánico score=32 fg=23)
2026-05-29 10:26:27,045 [WARNING] Ya abierta SOL_USDT
2026-05-29 10:26:57,047 [INFO] --- [10:26:57] Iter 184 ---
2026-05-29 10:26:58,201 [INFO] F&G:23 Score:32 Señal:STRONG_LONG (Pánico score=32 fg=23)
2026-05-29 10:26:58,390 [WARNING] Ya abierta SOL_USDT
2026-05-29 10:27:28,390 [INFO] --- [10:27:28] Iter 185 ---
2026-05-29 10:27:29,402 [INFO] F&G:23 Score:32 Señal:STRONG_LONG (Pánico score=32 fg=23)
2026-05-29 10:27:29,590 [WARNING] Ya abierta SOL_USDT
2026-05-29 10:27:59,590 [INFO] --- [10:27:59] Iter 186 ---
2026-05-29 10:28:00,658 [INFO] F&G:23 Score:32 Señal:STRONG_LONG (Pánico score=32 fg=23)
2026-05-29 10:28:00,836 [WARNING] Ya abierta SOL_USDT
2026-05-29 10:28:30,837 [INFO] --- [10:28:30] Iter 187 ---
2026-05-29 10:28:31,898 [INFO] F&G:23 Score:32 Señal:STRONG_LONG (Pánico score=32 fg=23)
2026-05-29 10:28:32,079 [WARNING] Ya abierta SOL_USDT
2026-05-29 10:29:02,080 [INFO] --- [10:29:02] Iter 188 ---
2026-05-29 10:29:03,155 [INFO] F&G:23 Score:32 Señal:STRONG_LONG (Pánico score=32 fg=23)
2026-05-29 10:29:03,331 [WARNING] Ya abierta SOL_USDT
2026-05-29 10:29:33,332 [INFO] --- [10:29:33] Iter 189 ---
2026-05-29 10:29:34,395 [INFO] F&G:23 Score:32 Señal:STRONG_LONG (Pánico score=32 fg=23)
2026-05-29 10:29:34,590 [WARNING] Ya abierta SOL_USDT
2026-05-29 10:30:04,591 [INFO] --- [10:30:04] Iter 190 ---
2026-05-29 10:30:05,722 [INFO] F&G:23 Score:32 Señal:STRONG_LONG (Pánico score=32 fg=23)
2026-05-29 10:30:05,919 [WARNING] Ya abierta SOL_USDT
2026-05-29 10:30:05,919 [INFO] Sin trades aún
2026-05-29 10:30:35,920 [INFO] --- [10:30:35] Iter 191 ---
2026-05-29 10:30:36,919 [INFO] F&G:23 Score:32 Señal:STRONG_LONG (Pánico score=32 fg=23)
2026-05-29 10:30:37,103 [WARNING] Ya abierta SOL_USDT
2026-05-29 10:31:07,104 [INFO] --- [10:31:07] Iter 192 ---
2026-05-29 10:31:08,255 [INFO] F&G:23 Score:32 Señal:STRONG_LONG (Pánico score=32 fg=23)
2026-05-29 10:31:08,448 [WARNING] Ya abierta SOL_USDT
2026-05-29 10:31:38,449 [INFO] --- [10:31:38] Iter 193 ---
2026-05-29 10:31:39,474 [INFO] F&G:23 Score:32 Señal:STRONG_LONG (Pánico score=32 fg=23)
2026-05-29 10:31:39,733 [WARNING] Ya abierta SOL_USDT
2026-05-29 10:32:09,734 [INFO] --- [10:32:09] Iter 194 ---
2026-05-29 10:32:10,884 [INFO] F&G:23 Score:32 Señal:STRONG_LONG (Pánico score=32 fg=23)
2026-05-29 10:32:11,071 [WARNING] Ya abierta SOL_USDT
2026-05-29 10:32:41,072 [INFO] --- [10:32:41] Iter 195 ---
2026-05-29 10:32:42,166 [INFO] F&G:23 Score:32 Señal:STRONG_LONG (Pánico score=32 fg=23)
2026-05-29 10:32:42,363 [WARNING] Ya abierta SOL_USDT
2026-05-29 10:33:12,364 [INFO] --- [10:33:12] Iter 196 ---
2026-05-29 10:33:13,869 [INFO] F&G:23 Score:32 Señal:STRONG_LONG (Pánico score=32 fg=23)
2026-05-29 10:33:14,049 [WARNING] Ya abierta SOL_USDT
2026-05-29 10:33:44,051 [INFO] --- [10:33:44] Iter 197 ---
2026-05-29 10:33:45,110 [INFO] F&G:23 Score:32 Señal:STRONG_LONG (Pánico score=32 fg=23)
2026-05-29 10:33:45,304 [WARNING] Ya abierta SOL_USDT
2026-05-29 10:34:15,305 [INFO] --- [10:34:15] Iter 198 ---
2026-05-29 10:34:16,365 [INFO] F&G:23 Score:32 Señal:STRONG_LONG (Pánico score=32 fg=23)
2026-05-29 10:34:16,560 [WARNING] Ya abierta SOL_USDT
2026-05-29 10:34:46,560 [INFO] --- [10:34:46] Iter 199 ---
2026-05-29 10:34:47,594 [INFO] F&G:23 Score:32 Señal:STRONG_LONG (Pánico score=32 fg=23)
2026-05-29 10:34:47,787 [WARNING] Ya abierta SOL_USDT
2026-05-29 10:35:17,789 [INFO] --- [10:35:17] Iter 200 ---
2026-05-29 10:35:18,893 [INFO] F&G:23 Score:32 Señal:STRONG_LONG (Pánico score=32 fg=23)
2026-05-29 10:35:19,067 [WARNING] Ya abierta SOL_USDT
2026-05-29 10:35:19,067 [INFO] Sin trades aún
2026-05-29 10:35:49,068 [INFO] --- [10:35:49] Iter 201 ---
2026-05-29 10:35:50,129 [INFO] F&G:23 Score:32 Señal:STRONG_LONG (Pánico score=32 fg=23)
2026-05-29 10:35:50,620 [WARNING] Ya abierta SOL_USDT
2026-05-29 10:36:20,621 [INFO] --- [10:36:20] Iter 202 ---
2026-05-29 10:36:21,698 [INFO] F&G:23 Score:32 Señal:STRONG_LONG (Pánico score=32 fg=23)
2026-05-29 10:36:21,875 [WARNING] Ya abierta SOL_USDT
2026-05-29 10:36:51,876 [INFO] --- [10:36:51] Iter 203 ---
2026-05-29 10:36:52,996 [INFO] F&G:23 Score:32 Señal:STRONG_LONG (Pánico score=32 fg=23)
2026-05-29 10:36:53,179 [WARNING] Ya abierta SOL_USDT
2026-05-29 10:37:23,179 [INFO] --- [10:37:23] Iter 204 ---
2026-05-29 10:37:24,203 [INFO] F&G:23 Score:32 Señal:STRONG_LONG (Pánico score=32 fg=23)
2026-05-29 10:37:24,402 [WARNING] Ya abierta SOL_USDT
2026-05-29 10:37:54,402 [INFO] --- [10:37:54] Iter 205 ---
2026-05-29 10:37:55,462 [INFO] F&G:23 Score:32 Señal:STRONG_LONG (Pánico score=32 fg=23)
2026-05-29 10:37:55,649 [WARNING] Ya abierta SOL_USDT
2026-05-29 10:38:25,650 [INFO] --- [10:38:25] Iter 206 ---
2026-05-29 10:38:26,709 [INFO] F&G:23 Score:32 Señal:STRONG_LONG (Pánico score=32 fg=23)
2026-05-29 10:38:26,891 [WARNING] Ya abierta SOL_USDT
2026-05-29 10:38:56,892 [INFO] --- [10:38:56] Iter 207 ---
2026-05-29 10:38:57,921 [INFO] F&G:23 Score:32 Señal:STRONG_LONG (Pánico score=32 fg=23)
2026-05-29 10:38:58,110 [WARNING] Ya abierta SOL_USDT
2026-05-29 10:39:28,111 [INFO] --- [10:39:28] Iter 208 ---
2026-05-29 10:39:29,233 [INFO] F&G:23 Score:32 Señal:STRONG_LONG (Pánico score=32 fg=23)
2026-05-29 10:39:29,424 [WARNING] Ya abierta SOL_USDT
2026-05-29 10:39:59,426 [INFO] --- [10:39:59] Iter 209 ---
2026-05-29 10:40:00,588 [INFO] F&G:23 Score:32 Señal:STRONG_LONG (Pánico score=32 fg=23)
2026-05-29 10:40:00,767 [WARNING] Ya abierta SOL_USDT
2026-05-29 10:40:30,782 [INFO] --- [10:40:30] Iter 210 ---
2026-05-29 10:40:32,086 [INFO] F&G:23 Score:32 Señal:STRONG_LONG (Pánico score=32 fg=23)
2026-05-29 10:40:32,602 [WARNING] Ya abierta SOL_USDT
2026-05-29 10:40:32,602 [INFO] Sin trades aún
2026-05-29 10:41:02,606 [INFO] --- [10:41:02] Iter 211 ---
2026-05-29 10:41:03,728 [INFO] F&G:23 Score:32 Señal:STRONG_LONG (Pánico score=32 fg=23)
2026-05-29 10:41:03,925 [WARNING] Ya abierta SOL_USDT
2026-05-29 10:41:33,926 [INFO] --- [10:41:33] Iter 212 ---
2026-05-29 10:41:34,971 [INFO] F&G:23 Score:32 Señal:STRONG_LONG (Pánico score=32 fg=23)
2026-05-29 10:41:35,476 [WARNING] Ya abierta SOL_USDT
2026-05-29 10:42:05,477 [INFO] --- [10:42:05] Iter 213 ---
2026-05-29 10:42:06,665 [INFO] F&G:23 Score:32 Señal:STRONG_LONG (Pánico score=32 fg=23)
2026-05-29 10:42:06,849 [WARNING] Ya abierta SOL_USDT
2026-05-29 10:42:36,852 [INFO] --- [10:42:36] Iter 214 ---
2026-05-29 10:42:38,015 [INFO] F&G:23 Score:32 Señal:STRONG_LONG (Pánico score=32 fg=23)
2026-05-29 10:42:38,203 [WARNING] Ya abierta SOL_USDT
2026-05-29 10:43:08,204 [INFO] --- [10:43:08] Iter 215 ---
2026-05-29 10:43:09,257 [INFO] F&G:23 Score:32 Señal:STRONG_LONG (Pánico score=32 fg=23)
2026-05-29 10:43:09,445 [WARNING] Ya abierta SOL_USDT
2026-05-29 10:43:39,446 [INFO] --- [10:43:39] Iter 216 ---
2026-05-29 10:43:40,458 [INFO] F&G:23 Score:32 Señal:STRONG_LONG (Pánico score=32 fg=23)
2026-05-29 10:43:40,651 [WARNING] Ya abierta SOL_USDT
2026-05-29 10:44:10,671 [INFO] --- [10:44:10] Iter 217 ---
2026-05-29 10:44:11,954 [INFO] F&G:23 Score:32 Señal:STRONG_LONG (Pánico score=32 fg=23)
2026-05-29 10:44:12,145 [WARNING] Ya abierta SOL_USDT
2026-05-29 10:44:42,152 [INFO] --- [10:44:42] Iter 218 ---
2026-05-29 10:44:43,254 [INFO] F&G:23 Score:32 Señal:STRONG_LONG (Pánico score=32 fg=23)
2026-05-29 10:44:43,434 [WARNING] Ya abierta SOL_USDT
2026-05-29 10:45:13,436 [INFO] --- [10:45:13] Iter 219 ---
2026-05-29 10:45:14,514 [INFO] F&G:23 Score:32 Señal:STRONG_LONG (Pánico score=32 fg=23)
2026-05-29 10:45:14,708 [WARNING] Ya abierta SOL_USDT
2026-05-29 10:45:44,711 [INFO] --- [10:45:44] Iter 220 ---
2026-05-29 10:45:45,833 [INFO] F&G:23 Score:32 Señal:STRONG_LONG (Pánico score=32 fg=23)
2026-05-29 10:45:46,030 [WARNING] Ya abierta SOL_USDT
2026-05-29 10:45:46,030 [INFO] Sin trades aún
2026-05-29 10:46:16,031 [INFO] --- [10:46:16] Iter 221 ---
2026-05-29 10:46:17,067 [INFO] F&G:23 Score:32 Señal:STRONG_LONG (Pánico score=32 fg=23)
2026-05-29 10:46:17,240 [WARNING] Ya abierta SOL_USDT
2026-05-29 10:46:47,241 [INFO] --- [10:46:47] Iter 222 ---
2026-05-29 10:46:48,364 [INFO] F&G:23 Score:32 Señal:STRONG_LONG (Pánico score=32 fg=23)
2026-05-29 10:46:48,555 [WARNING] Ya abierta SOL_USDT
