2026-05-29 08:20:10,166 [INFO] ╔══════════════════════════════════════════════╗
2026-05-29 08:20:10,167 [INFO] ║   SONO BOT — PAPER TRADING                  ║
2026-05-29 08:20:10,167 [INFO] ║   Leyendo señales de Sono Pro (Binance)     ║
2026-05-29 08:20:10,167 [INFO] ║   Balance: $100 ficticios               ║
2026-05-29 08:20:10,167 [INFO] ║   Riesgo: $0                                ║
2026-05-29 08:20:10,167 [INFO] ╚══════════════════════════════════════════════╝
2026-05-29 08:20:10,168 [INFO] Intervalo: 120s | Activos: BTC, ETH, SOL, XRP
2026-05-29 08:20:12,159 [INFO] =======================================================
2026-05-29 08:20:12,159 [INFO] ESTADO PAPER TRADING | Balance: $100.00 | Equity: $100.00 | Posiciones: 0
2026-05-29 08:20:12,159 [INFO] =======================================================
2026-05-29 08:20:12,159 [INFO] SOL  | Score: 32  (DISTRIBUCION  ) | Price: $82.23    | RSI: 67.19 | Pos: NONE
2026-05-29 08:20:12,160 [INFO] XRP  | Score: 50  (NEUTRAL       ) | Price: $1.32     | RSI: 69.73 | Pos: NONE
2026-05-29 08:20:12,160 [INFO] ETH  | Score: 34  (DISTRIBUCION  ) | Price: $2016.43  | RSI: 74.22 | Pos: NONE
2026-05-29 08:20:12,160 [INFO] BTC  | Score: 34  (DISTRIBUCION  ) | Price: $73776.00 | RSI:  73.5 | Pos: NONE
2026-05-29 08:20:12,160 [INFO] =======================================================
2026-05-29 08:22:14,076 [INFO] =======================================================
2026-05-29 08:22:14,077 [INFO] ESTADO PAPER TRADING | Balance: $100.00 | Equity: $100.00 | Posiciones: 0
2026-05-29 08:22:14,077 [INFO] =======================================================
2026-05-29 08:22:14,078 [INFO] SOL  | Score: 32  (DISTRIBUCION  ) | Price: $82.24    | RSI: 67.36 | Pos: NONE
2026-05-29 08:22:14,078 [INFO] XRP  | Score: 38  (DISTRIBUCION  ) | Price: $1.32     | RSI: 69.55 | Pos: NONE
2026-05-29 08:22:14,078 [INFO] ETH  | Score: 34  (DISTRIBUCION  ) | Price: $2016.87  | RSI: 74.53 | Pos: NONE
2026-05-29 08:22:14,078 [INFO] BTC  | Score: 34  (DISTRIBUCION  ) | Price: $73773.88 | RSI: 73.45 | Pos: NONE
2026-05-29 08:22:14,078 [INFO] =======================================================
2026-05-29 08:24:16,015 [INFO] 📈 PAPER BUY XRP | $80.00 @ $1.32 | Size: 60.652009 | Balance: $20.00 | Score: 55 (ACUMULACION)
2026-05-29 08:24:16,017 [INFO] =======================================================
2026-05-29 08:24:16,017 [INFO] ESTADO PAPER TRADING | Balance: $20.00 | Equity: $100.00 | Posiciones: 1
2026-05-29 08:24:16,017 [INFO] =======================================================
2026-05-29 08:24:16,018 [INFO] SOL  | Score: 27  (VENTA         ) | Price: $82.34    | RSI: 68.97 | Pos: NONE
2026-05-29 08:24:16,018 [INFO] XRP  | Score: 55  (ACUMULACION   ) | Price: $1.32     | RSI: 71.02 | Pos: LONG @ $1.32
2026-05-29 08:24:16,018 [INFO] ETH  | Score: 34  (DISTRIBUCION  ) | Price: $2018.98  | RSI: 75.95 | Pos: NONE
2026-05-29 08:24:16,018 [INFO] BTC  | Score: 34  (DISTRIBUCION  ) | Price: $73860.01 | RSI: 75.27 | Pos: NONE
2026-05-29 08:24:16,018 [INFO] =======================================================
2026-05-29 08:26:18,028 [INFO] =======================================================
2026-05-29 08:26:18,029 [INFO] ESTADO PAPER TRADING | Balance: $20.00 | Equity: $99.88 | Posiciones: 1
2026-05-29 08:26:18,029 [INFO] =======================================================
2026-05-29 08:26:18,029 [INFO] SOL  | Score: 27  (VENTA         ) | Price: $82.26    | RSI: 67.69 | Pos: NONE
2026-05-29 08:26:18,030 [INFO] XRP  | Score: 38  (DISTRIBUCION  ) | Price: $1.32     | RSI: 69.37 | Pos: LONG @ $1.32
2026-05-29 08:26:18,030 [INFO] ETH  | Score: 34  (DISTRIBUCION  ) | Price: $2016.11  | RSI: 73.98 | Pos: NONE
2026-05-29 08:26:18,030 [INFO] BTC  | Score: 34  (DISTRIBUCION  ) | Price: $73786.13 | RSI: 73.73 | Pos: NONE
2026-05-29 08:26:18,030 [INFO] =======================================================
2026-05-29 08:28:20,153 [INFO] =======================================================
2026-05-29 08:28:20,154 [INFO] ESTADO PAPER TRADING | Balance: $20.00 | Equity: $99.84 | Posiciones: 1
2026-05-29 08:28:20,154 [INFO] =======================================================
2026-05-29 08:28:20,154 [INFO] SOL  | Score: 27  (VENTA         ) | Price: $82.25    | RSI: 67.53 | Pos: NONE
2026-05-29 08:28:20,154 [INFO] XRP  | Score: 38  (DISTRIBUCION  ) | Price: $1.32     | RSI: 67.94 | Pos: LONG @ $1.32
2026-05-29 08:28:20,155 [INFO] ETH  | Score: 34  (DISTRIBUCION  ) | Price: $2015.97  | RSI: 73.88 | Pos: NONE
2026-05-29 08:28:20,155 [INFO] BTC  | Score: 34  (DISTRIBUCION  ) | Price: $73778.01 | RSI: 73.55 | Pos: NONE
2026-05-29 08:28:20,155 [INFO] =======================================================
2026-05-29 08:30:22,003 [INFO] =======================================================
2026-05-29 08:30:22,004 [INFO] ESTADO PAPER TRADING | Balance: $20.00 | Equity: $99.83 | Posiciones: 1
2026-05-29 08:30:22,004 [INFO] =======================================================
2026-05-29 08:30:22,004 [INFO] SOL  | Score: 44  (NEUTRAL       ) | Price: $82.20    | RSI: 59.15 | Pos: NONE
2026-05-29 08:30:22,004 [INFO] XRP  | Score: 50  (NEUTRAL       ) | Price: $1.32     | RSI: 58.74 | Pos: LONG @ $1.32
2026-05-29 08:30:22,004 [INFO] ETH  | Score: 39  (DISTRIBUCION  ) | Price: $2014.99  | RSI: 64.71 | Pos: NONE
2026-05-29 08:30:22,005 [INFO] BTC  | Score: 39  (DISTRIBUCION  ) | Price: $73760.01 | RSI: 66.33 | Pos: NONE
2026-05-29 08:30:22,005 [INFO] =======================================================
2026-05-29 08:32:23,910 [INFO] =======================================================
2026-05-29 08:32:23,911 [INFO] ESTADO PAPER TRADING | Balance: $20.00 | Equity: $99.82 | Posiciones: 1
2026-05-29 08:32:23,911 [INFO] =======================================================
2026-05-29 08:32:23,911 [INFO] SOL  | Score: 44  (NEUTRAL       ) | Price: $82.18    | RSI: 58.43 | Pos: NONE
2026-05-29 08:32:23,911 [INFO] XRP  | Score: 50  (NEUTRAL       ) | Price: $1.32     | RSI: 58.52 | Pos: LONG @ $1.32
2026-05-29 08:32:23,911 [INFO] ETH  | Score: 39  (DISTRIBUCION  ) | Price: $2015.46  | RSI: 65.72 | Pos: NONE
2026-05-29 08:32:23,912 [INFO] BTC  | Score: 39  (DISTRIBUCION  ) | Price: $73742.00 | RSI: 65.11 | Pos: NONE
2026-05-29 08:32:23,912 [INFO] =======================================================
2026-05-29 08:34:26,211 [INFO] =======================================================
2026-05-29 08:34:26,211 [INFO] ESTADO PAPER TRADING | Balance: $20.00 | Equity: $99.81 | Posiciones: 1
2026-05-29 08:34:26,211 [INFO] =======================================================
2026-05-29 08:34:26,212 [INFO] SOL  | Score: 32  (DISTRIBUCION  ) | Price: $82.14    | RSI: 57.06 | Pos: NONE
2026-05-29 08:34:26,212 [INFO] XRP  | Score: 55  (ACUMULACION   ) | Price: $1.32     | RSI: 57.88 | Pos: LONG @ $1.32
2026-05-29 08:34:26,212 [INFO] ETH  | Score: 39  (DISTRIBUCION  ) | Price: $2014.88  | RSI: 64.45 | Pos: NONE
2026-05-29 08:34:26,212 [INFO] BTC  | Score: 44  (NEUTRAL       ) | Price: $73714.01 | RSI:  63.3 | Pos: NONE
2026-05-29 08:34:26,212 [INFO] =======================================================
